# JRE version: OpenJDK Runtime Environment Microsoft-8035246 (17.0.8+7) (build 17.0.8+7-LTS)
# Java VM: OpenJDK 64-Bit Server VM Microsoft-8035246 (17.0.8+7-LTS, mixed mode, sharing, tiered, compressed oops, compressed class ptrs, g1 gc, windows-amd64)
GC Precious Log:
 CPUs: 4 total, 4 available
 Memory: 8046M
 Large Page Support: Disabled
 NUMA Support: Disabled
 Compressed Oops: Enabled (32-bit)
 Heap Region Size: 1M
 Heap Min Capacity: 8M
 Heap Initial Capacity: 126M
 Heap Max Capacity: 2G
 Pre-touch: Disabled
 Parallel Workers: 4
 Concurrent Workers: 1
 Concurrent Refinement Workers: 4
 Periodic GC: Disabled
Heap:
 garbage-first heap   total 410624K, used 213256K [0x0000000080000000, 0x0000000100000000)
  region size 1024K, 14 young (14336K), 8 survivors (8192K)
 Metaspace       used 113698K, committed 114880K, reserved 557056K
  class space    used 15837K, committed 16448K, reserved 425984K
GC Heap History (20 events):
Event: 106.418 GC heap before
{Heap before GC invocations=44 (full 0):
 garbage-first heap   total 254976K, used 208751K [0x0000000080000000, 0x0000000100000000)
  region size 1024K, 88 young (90112K), 14 survivors (14336K)
 Metaspace       used 99610K, committed 100544K, reserved 557056K
  class space    used 14021K, committed 14464K, reserved 425984K
}
Event: 106.445 GC heap after
{Heap after GC invocations=45 (full 0):
 garbage-first heap   total 254976K, used 147422K [0x0000000080000000, 0x0000000100000000)
  region size 1024K, 11 young (11264K), 11 survivors (11264K)
 Metaspace       used 99610K, committed 100544K, reserved 557056K
  class space    used 14021K, committed 14464K, reserved 425984K
}
Event: 107.837 GC heap before
{Heap before GC invocations=45 (full 0):
 garbage-first heap   total 254976K, used 201694K [0x0000000080000000, 0x0000000100000000)
  region size 1024K, 64 young (65536K), 11 survivors (11264K)
 Metaspace       used 102576K, committed 103552K, reserved 557056K
  class space    used 14426K, committed 14912K, reserved 425984K
}
Event: 107.862 GC heap after
{Heap after GC invocations=46 (full 0):
 garbage-first heap   total 254976K, used 152385K [0x0000000080000000, 0x0000000100000000)
  region size 1024K, 4 young (4096K), 4 survivors (4096K)
 Metaspace       used 102576K, committed 103552K, reserved 557056K
  class space    used 14426K, committed 14912K, reserved 425984K
}
Event: 108.924 GC heap before
{Heap before GC invocations=46 (full 0):
 garbage-first heap   total 254976K, used 205633K [0x0000000080000000, 0x0000000100000000)
  region size 1024K, 56 young (57344K), 4 survivors (4096K)
 Metaspace       used 105488K, committed 106496K, reserved 557056K
  class space    used 14831K, committed 15296K, reserved 425984K
}
Event: 108.936 GC heap after
{Heap after GC invocations=47 (full 0):
 garbage-first heap   total 254976K, used 154827K [0x0000000080000000, 0x0000000100000000)
  region size 1024K, 7 young (7168K), 7 survivors (7168K)
 Metaspace       used 105488K, committed 106496K, reserved 557056K
  class space    used 14831K, committed 15296K, reserved 425984K
}
Event: 109.873 GC heap before
{Heap before GC invocations=47 (full 0):
 garbage-first heap   total 254976K, used 208075K [0x0000000080000000, 0x0000000100000000)
  region size 1024K, 59 young (60416K), 7 survivors (7168K)
 Metaspace       used 106333K, committed 107328K, reserved 557056K
  class space    used 14929K, committed 15424K, reserved 425984K
}
Event: 109.890 GC heap after
{Heap after GC invocations=48 (full 0):
 garbage-first heap   total 254976K, used 162529K [0x0000000080000000, 0x0000000100000000)
  region size 1024K, 8 young (8192K), 8 survivors (8192K)
 Metaspace       used 106333K, committed 107328K, reserved 557056K
  class space    used 14929K, committed 15424K, reserved 425984K
}
Event: 110.599 GC heap before
{Heap before GC invocations=48 (full 0):
 garbage-first heap   total 254976K, used 210657K [0x0000000080000000, 0x0000000100000000)
  region size 1024K, 55 young (56320K), 8 survivors (8192K)
 Metaspace       used 106475K, committed 107520K, reserved 557056K
  class space    used 14940K, committed 15424K, reserved 425984K
}
Event: 110.622 GC heap after
{Heap after GC invocations=49 (full 0):
 garbage-first heap   total 254976K, used 172211K [0x0000000080000000, 0x0000000100000000)
  region size 1024K, 7 young (7168K), 7 survivors (7168K)
 Metaspace       used 106475K, committed 107520K, reserved 557056K
  class space    used 14940K, committed 15424K, reserved 425984K
}
Event: 111.682 GC heap before
{Heap before GC invocations=49 (full 0):
 garbage-first heap   total 254976K, used 211123K [0x0000000080000000, 0x0000000100000000)
  region size 1024K, 45 young (46080K), 7 survivors (7168K)
 Metaspace       used 106855K, committed 107968K, reserved 557056K
  class space    used 14978K, committed 15488K, reserved 425984K
}
Event: 111.705 GC heap after
{Heap after GC invocations=50 (full 0):
 garbage-first heap   total 254976K, used 178654K [0x0000000080000000, 0x0000000100000000)
  region size 1024K, 6 young (6144K), 6 survivors (6144K)
 Metaspace       used 106855K, committed 107968K, reserved 557056K
  class space    used 14978K, committed 15488K, reserved 425984K
}
Event: 112.512 GC heap before
{Heap before GC invocations=50 (full 0):
 garbage-first heap   total 254976K, used 213470K [0x0000000080000000, 0x0000000100000000)
  region size 1024K, 40 young (40960K), 6 survivors (6144K)
 Metaspace       used 107311K, committed 108352K, reserved 557056K
  class space    used 15028K, committed 15552K, reserved 425984K
}
Event: 112.529 GC heap after
{Heap after GC invocations=51 (full 0):
 garbage-first heap   total 254976K, used 187577K [0x0000000080000000, 0x0000000100000000)
  region size 1024K, 5 young (5120K), 5 survivors (5120K)
 Metaspace       used 107311K, committed 108352K, reserved 557056K
  class space    used 15028K, committed 15552K, reserved 425984K
}
Event: 113.158 GC heap before
{Heap before GC invocations=51 (full 0):
 garbage-first heap   total 342016K, used 210105K [0x0000000080000000, 0x0000000100000000)
  region size 1024K, 27 young (27648K), 5 survivors (5120K)
 Metaspace       used 108822K, committed 109952K, reserved 557056K
  class space    used 15272K, committed 15808K, reserved 425984K
}
Event: 113.176 GC heap after
{Heap after GC invocations=52 (full 0):
 garbage-first heap   total 410624K, used 190694K [0x0000000080000000, 0x0000000100000000)
  region size 1024K, 2 young (2048K), 2 survivors (2048K)
 Metaspace       used 108822K, committed 109952K, reserved 557056K
  class space    used 15272K, committed 15808K, reserved 425984K
}
Event: 116.328 GC heap before
{Heap before GC invocations=53 (full 0):
 garbage-first heap   total 410624K, used 311526K [0x0000000080000000, 0x0000000100000000)
  region size 1024K, 120 young (122880K), 2 survivors (2048K)
 Metaspace       used 113088K, committed 114240K, reserved 557056K
  class space    used 15764K, committed 16320K, reserved 425984K
}
Event: 116.364 GC heap after
{Heap after GC invocations=54 (full 0):
 garbage-first heap   total 410624K, used 203535K [0x0000000080000000, 0x0000000100000000)
  region size 1024K, 15 young (15360K), 15 survivors (15360K)
 Metaspace       used 113088K, committed 114240K, reserved 557056K
  class space    used 15764K, committed 16320K, reserved 425984K
}
Event: 116.422 GC heap before
{Heap before GC invocations=54 (full 0):
 garbage-first heap   total 410624K, used 208655K [0x0000000080000000, 0x0000000100000000)
  region size 1024K, 20 young (20480K), 15 survivors (15360K)
 Metaspace       used 113119K, committed 114240K, reserved 557056K
  class space    used 15767K, committed 16320K, reserved 425984K
}
Event: 116.448 GC heap after
{Heap after GC invocations=55 (full 0):
 garbage-first heap   total 410624K, used 202372K [0x0000000080000000, 0x0000000100000000)
  region size 1024K, 2 young (2048K), 2 survivors (2048K)
 Metaspace       used 113119K, committed 114240K, reserved 557056K
  class space    used 15767K, committed 16320K, reserved 425984K
}

