# JRE version: OpenJDK Runtime Environment Microsoft-8035246 (17.0.8+7) (build 17.0.8+7-LTS)
# Java VM: OpenJDK 64-Bit Server VM Microsoft-8035246 (17.0.8+7-LTS, mixed mode, sharing, tiered, compressed oops, compressed class ptrs, g1 gc, windows-amd64)
GC Precious Log:
 CPUs: 4 total, 4 available
 Memory: 8046M
 Large Page Support: Disabled
 NUMA Support: Disabled
 Compressed Oops: Enabled (32-bit)
 Heap Region Size: 1M
 Heap Min Capacity: 8M
 Heap Initial Capacity: 126M
 Heap Max Capacity: 2G
 Pre-touch: Disabled
 Parallel Workers: 4
 Concurrent Workers: 1
 Concurrent Refinement Workers: 4
 Periodic GC: Disabled
Heap:
 garbage-first heap   total 389120K, used 307712K [0x0000000080000000, 0x0000000100000000)
  region size 1024K, 102 young (104448K), 7 survivors (7168K)
 Metaspace       used 108563K, committed 109824K, reserved 557056K
  class space    used 15178K, committed 15808K, reserved 425984K
GC Heap History (20 events):
Event: 32.713 GC heap before
{Heap before GC invocations=40 (full 0):
 garbage-first heap   total 158720K, used 130108K [0x0000000080000000, 0x0000000100000000)
  region size 1024K, 35 young (35840K), 3 survivors (3072K)
 Metaspace       used 77850K, committed 78720K, reserved 557056K
  class space    used 10920K, committed 11328K, reserved 425984K
}
Event: 32.719 GC heap after
{Heap after GC invocations=41 (full 0):
 garbage-first heap   total 158720K, used 98694K [0x0000000080000000, 0x0000000100000000)
  region size 1024K, 4 young (4096K), 4 survivors (4096K)
 Metaspace       used 77850K, committed 78720K, reserved 557056K
  class space    used 10920K, committed 11328K, reserved 425984K
}
Event: 33.383 GC heap before
{Heap before GC invocations=41 (full 0):
 garbage-first heap   total 158720K, used 131462K [0x0000000080000000, 0x0000000100000000)
  region size 1024K, 36 young (36864K), 4 survivors (4096K)
 Metaspace       used 80308K, committed 81152K, reserved 557056K
  class space    used 11249K, committed 11648K, reserved 425984K
}
Event: 33.391 GC heap after
{Heap after GC invocations=42 (full 0):
 garbage-first heap   total 158720K, used 99926K [0x0000000080000000, 0x0000000100000000)
  region size 1024K, 3 young (3072K), 3 survivors (3072K)
 Metaspace       used 80308K, committed 81152K, reserved 557056K
  class space    used 11249K, committed 11648K, reserved 425984K
}
Event: 33.869 GC heap before
{Heap before GC invocations=42 (full 0):
 garbage-first heap   total 158720K, used 132694K [0x0000000080000000, 0x0000000100000000)
  region size 1024K, 35 young (35840K), 3 survivors (3072K)
 Metaspace       used 82042K, committed 82880K, reserved 557056K
  class space    used 11499K, committed 11904K, reserved 425984K
}
Event: 33.878 GC heap after
{Heap after GC invocations=43 (full 0):
 garbage-first heap   total 158720K, used 102133K [0x0000000080000000, 0x0000000100000000)
  region size 1024K, 4 young (4096K), 4 survivors (4096K)
 Metaspace       used 82042K, committed 82880K, reserved 557056K
  class space    used 11499K, committed 11904K, reserved 425984K
}
Event: 40.410 GC heap before
{Heap before GC invocations=43 (full 0):
 garbage-first heap   total 158720K, used 132853K [0x0000000080000000, 0x0000000100000000)
  region size 1024K, 34 young (34816K), 4 survivors (4096K)
 Metaspace       used 82282K, committed 83136K, reserved 557056K
  class space    used 11525K, committed 11904K, reserved 425984K
}
Event: 40.423 GC heap after
{Heap after GC invocations=44 (full 0):
 garbage-first heap   total 389120K, used 104418K [0x0000000080000000, 0x0000000100000000)
  region size 1024K, 5 young (5120K), 5 survivors (5120K)
 Metaspace       used 82282K, committed 83136K, reserved 557056K
  class space    used 11525K, committed 11904K, reserved 425984K
}
Event: 45.131 GC heap before
{Heap before GC invocations=44 (full 0):
 garbage-first heap   total 389120K, used 325602K [0x0000000080000000, 0x0000000100000000)
  region size 1024K, 217 young (222208K), 5 survivors (5120K)
 Metaspace       used 93044K, committed 93952K, reserved 557056K
  class space    used 13206K, committed 13632K, reserved 425984K
}
Event: 45.176 GC heap after
{Heap after GC invocations=45 (full 0):
 garbage-first heap   total 389120K, used 130730K [0x0000000080000000, 0x0000000100000000)
  region size 1024K, 26 young (26624K), 26 survivors (26624K)
 Metaspace       used 93044K, committed 93952K, reserved 557056K
  class space    used 13206K, committed 13632K, reserved 425984K
}
Event: 50.247 GC heap before
{Heap before GC invocations=45 (full 0):
 garbage-first heap   total 389120K, used 309930K [0x0000000080000000, 0x0000000100000000)
  region size 1024K, 196 young (200704K), 26 survivors (26624K)
 Metaspace       used 98740K, committed 99776K, reserved 557056K
  class space    used 13977K, committed 14464K, reserved 425984K
}
Event: 50.304 GC heap after
{Heap after GC invocations=46 (full 0):
 garbage-first heap   total 389120K, used 154461K [0x0000000080000000, 0x0000000100000000)
  region size 1024K, 22 young (22528K), 22 survivors (22528K)
 Metaspace       used 98740K, committed 99776K, reserved 557056K
  class space    used 13977K, committed 14464K, reserved 425984K
}
Event: 52.230 GC heap before
{Heap before GC invocations=46 (full 0):
 garbage-first heap   total 389120K, used 300893K [0x0000000080000000, 0x0000000100000000)
  region size 1024K, 164 young (167936K), 22 survivors (22528K)
 Metaspace       used 101414K, committed 102528K, reserved 557056K
  class space    used 14305K, committed 14848K, reserved 425984K
}
Event: 52.280 GC heap after
{Heap after GC invocations=47 (full 0):
 garbage-first heap   total 389120K, used 176640K [0x0000000080000000, 0x0000000100000000)
  region size 1024K, 21 young (21504K), 21 survivors (21504K)
 Metaspace       used 101414K, committed 102528K, reserved 557056K
  class space    used 14305K, committed 14848K, reserved 425984K
}
Event: 54.495 GC heap before
{Heap before GC invocations=47 (full 0):
 garbage-first heap   total 389120K, used 303616K [0x0000000080000000, 0x0000000100000000)
  region size 1024K, 145 young (148480K), 21 survivors (21504K)
 Metaspace       used 107074K, committed 108224K, reserved 557056K
  class space    used 15041K, committed 15616K, reserved 425984K
}
Event: 54.569 GC heap after
{Heap after GC invocations=48 (full 0):
 garbage-first heap   total 389120K, used 196096K [0x0000000080000000, 0x0000000100000000)
  region size 1024K, 18 young (18432K), 18 survivors (18432K)
 Metaspace       used 107074K, committed 108224K, reserved 557056K
  class space    used 15041K, committed 15616K, reserved 425984K
}
Event: 56.084 GC heap before
{Heap before GC invocations=48 (full 0):
 garbage-first heap   total 389120K, used 306688K [0x0000000080000000, 0x0000000100000000)
  region size 1024K, 127 young (130048K), 18 survivors (18432K)
 Metaspace       used 108119K, committed 109376K, reserved 557056K
  class space    used 15131K, committed 15744K, reserved 425984K
}
Event: 56.129 GC heap after
{Heap after GC invocations=49 (full 0):
 garbage-first heap   total 389120K, used 206848K [0x0000000080000000, 0x0000000100000000)
  region size 1024K, 12 young (12288K), 12 survivors (12288K)
 Metaspace       used 108119K, committed 109376K, reserved 557056K
  class space    used 15131K, committed 15744K, reserved 425984K
}
Event: 57.425 GC heap before
{Heap before GC invocations=49 (full 0):
 garbage-first heap   total 389120K, used 312320K [0x0000000080000000, 0x0000000100000000)
  region size 1024K, 116 young (118784K), 12 survivors (12288K)
 Metaspace       used 108429K, committed 109632K, reserved 557056K
  class space    used 15168K, committed 15744K, reserved 425984K
}
Event: 57.454 GC heap after
{Heap after GC invocations=50 (full 0):
 garbage-first heap   total 389120K, used 212480K [0x0000000080000000, 0x0000000100000000)
  region size 1024K, 7 young (7168K), 7 survivors (7168K)
 Metaspace       used 108429K, committed 109632K, reserved 557056K
  class space    used 15168K, committed 15744K, reserved 425984K
}

