# JRE version: OpenJDK Runtime Environment Microsoft-8035246 (17.0.8+7) (build 17.0.8+7-LTS)
# Java VM: OpenJDK 64-Bit Server VM Microsoft-8035246 (17.0.8+7-LTS, mixed mode, sharing, tiered, compressed oops, compressed class ptrs, g1 gc, windows-amd64)
GC Precious Log:
 CPUs: 4 total, 4 available
 Memory: 8046M
 Large Page Support: Disabled
 NUMA Support: Disabled
 Compressed Oops: Enabled (32-bit)
 Heap Region Size: 1M
 Heap Min Capacity: 8M
 Heap Initial Capacity: 126M
 Heap Max Capacity: 2G
 Pre-touch: Disabled
 Parallel Workers: 4
 Concurrent Workers: 1
 Concurrent Refinement Workers: 4
 Periodic GC: Disabled
Heap:
 garbage-first heap   total 342016K, used 253371K [0x0000000080000000, 0x0000000100000000)
  region size 1024K, 49 young (50176K), 7 survivors (7168K)
 Metaspace       used 113650K, committed 114880K, reserved 557056K
  class space    used 15837K, committed 16448K, reserved 425984K
GC Heap History (20 events):
Event: 69.920 GC heap before
{Heap before GC invocations=46 (full 0):
 garbage-first heap   total 236544K, used 196608K [0x0000000080000000, 0x0000000100000000)
  region size 1024K, 46 young (47104K), 4 survivors (4096K)
 Metaspace       used 106191K, committed 107200K, reserved 557056K
  class space    used 14931K, committed 15424K, reserved 425984K
}
Event: 69.934 GC heap after
{Heap after GC invocations=47 (full 0):
 garbage-first heap   total 236544K, used 159118K [0x0000000080000000, 0x0000000100000000)
  region size 1024K, 6 young (6144K), 6 survivors (6144K)
 Metaspace       used 106191K, committed 107200K, reserved 557056K
  class space    used 14931K, committed 15424K, reserved 425984K
}
Event: 70.303 GC heap before
{Heap before GC invocations=47 (full 0):
 garbage-first heap   total 236544K, used 197006K [0x0000000080000000, 0x0000000100000000)
  region size 1024K, 43 young (44032K), 6 survivors (6144K)
 Metaspace       used 106231K, committed 107264K, reserved 557056K
  class space    used 14932K, committed 15424K, reserved 425984K
}
Event: 70.321 GC heap after
{Heap after GC invocations=48 (full 0):
 garbage-first heap   total 236544K, used 166306K [0x0000000080000000, 0x0000000100000000)
  region size 1024K, 6 young (6144K), 6 survivors (6144K)
 Metaspace       used 106231K, committed 107264K, reserved 557056K
  class space    used 14932K, committed 15424K, reserved 425984K
}
Event: 70.766 GC heap before
{Heap before GC invocations=48 (full 0):
 garbage-first heap   total 236544K, used 198050K [0x0000000080000000, 0x0000000100000000)
  region size 1024K, 37 young (37888K), 6 survivors (6144K)
 Metaspace       used 106464K, committed 107520K, reserved 557056K
  class space    used 14955K, committed 15488K, reserved 425984K
}
Event: 70.785 GC heap after
{Heap after GC invocations=49 (full 0):
 garbage-first heap   total 284672K, used 172327K [0x0000000080000000, 0x0000000100000000)
  region size 1024K, 5 young (5120K), 5 survivors (5120K)
 Metaspace       used 106464K, committed 107520K, reserved 557056K
  class space    used 14955K, committed 15488K, reserved 425984K
}
Event: 72.104 GC heap before
{Heap before GC invocations=49 (full 0):
 garbage-first heap   total 284672K, used 232743K [0x0000000080000000, 0x0000000100000000)
  region size 1024K, 63 young (64512K), 5 survivors (5120K)
 Metaspace       used 107177K, committed 108288K, reserved 557056K
  class space    used 15029K, committed 15552K, reserved 425984K
}
Event: 72.124 GC heap after
{Heap after GC invocations=50 (full 0):
 garbage-first heap   total 284672K, used 184959K [0x0000000080000000, 0x0000000100000000)
  region size 1024K, 8 young (8192K), 8 survivors (8192K)
 Metaspace       used 107177K, committed 108288K, reserved 557056K
  class space    used 15029K, committed 15552K, reserved 425984K
}
Event: 73.134 GC heap before
{Heap before GC invocations=50 (full 0):
 garbage-first heap   total 284672K, used 233087K [0x0000000080000000, 0x0000000100000000)
  region size 1024K, 55 young (56320K), 8 survivors (8192K)
 Metaspace       used 111211K, committed 112320K, reserved 557056K
  class space    used 15591K, committed 16128K, reserved 425984K
}
Event: 73.153 GC heap after
{Heap after GC invocations=51 (full 0):
 garbage-first heap   total 284672K, used 189328K [0x0000000080000000, 0x0000000100000000)
  region size 1024K, 4 young (4096K), 4 survivors (4096K)
 Metaspace       used 111211K, committed 112320K, reserved 557056K
  class space    used 15591K, committed 16128K, reserved 425984K
}
Event: 74.146 GC heap before
{Heap before GC invocations=51 (full 0):
 garbage-first heap   total 284672K, used 236432K [0x0000000080000000, 0x0000000100000000)
  region size 1024K, 50 young (51200K), 4 survivors (4096K)
 Metaspace       used 112713K, committed 113856K, reserved 557056K
  class space    used 15751K, committed 16320K, reserved 425984K
}
Event: 74.170 GC heap after
{Heap after GC invocations=52 (full 0):
 garbage-first heap   total 284672K, used 195922K [0x0000000080000000, 0x0000000100000000)
  region size 1024K, 7 young (7168K), 7 survivors (7168K)
 Metaspace       used 112713K, committed 113856K, reserved 557056K
  class space    used 15751K, committed 16320K, reserved 425984K
}
Event: 74.906 GC heap before
{Heap before GC invocations=52 (full 0):
 garbage-first heap   total 284672K, used 237906K [0x0000000080000000, 0x0000000100000000)
  region size 1024K, 48 young (49152K), 7 survivors (7168K)
 Metaspace       used 112947K, committed 114112K, reserved 557056K
  class space    used 15753K, committed 16320K, reserved 425984K
}
Event: 74.926 GC heap after
{Heap after GC invocations=53 (full 0):
 garbage-first heap   total 284672K, used 200341K [0x0000000080000000, 0x0000000100000000)
  region size 1024K, 4 young (4096K), 4 survivors (4096K)
 Metaspace       used 112947K, committed 114112K, reserved 557056K
  class space    used 15753K, committed 16320K, reserved 425984K
}
Event: 75.592 GC heap before
{Heap before GC invocations=53 (full 0):
 garbage-first heap   total 284672K, used 239253K [0x0000000080000000, 0x0000000100000000)
  region size 1024K, 43 young (44032K), 4 survivors (4096K)
 Metaspace       used 113311K, committed 114496K, reserved 557056K
  class space    used 15797K, committed 16384K, reserved 425984K
}
Event: 75.609 GC heap after
{Heap after GC invocations=54 (full 0):
 garbage-first heap   total 284672K, used 205842K [0x0000000080000000, 0x0000000100000000)
  region size 1024K, 6 young (6144K), 6 survivors (6144K)
 Metaspace       used 113311K, committed 114496K, reserved 557056K
  class space    used 15797K, committed 16384K, reserved 425984K
}
Event: 76.282 GC heap before
{Heap before GC invocations=54 (full 0):
 garbage-first heap   total 284672K, used 240658K [0x0000000080000000, 0x0000000100000000)
  region size 1024K, 41 young (41984K), 6 survivors (6144K)
 Metaspace       used 113637K, committed 114880K, reserved 557056K
  class space    used 15836K, committed 16448K, reserved 425984K
}
Event: 76.295 GC heap after
{Heap after GC invocations=55 (full 0):
 garbage-first heap   total 342016K, used 207673K [0x0000000080000000, 0x0000000100000000)
  region size 1024K, 3 young (3072K), 3 survivors (3072K)
 Metaspace       used 113637K, committed 114880K, reserved 557056K
  class space    used 15836K, committed 16448K, reserved 425984K
}
Event: 77.137 GC heap before
{Heap before GC invocations=55 (full 0):
 garbage-first heap   total 342016K, used 278329K [0x0000000080000000, 0x0000000100000000)
  region size 1024K, 73 young (74752K), 3 survivors (3072K)
 Metaspace       used 113650K, committed 114880K, reserved 557056K
  class space    used 15837K, committed 16448K, reserved 425984K
}
Event: 77.150 GC heap after
{Heap after GC invocations=56 (full 0):
 garbage-first heap   total 342016K, used 211387K [0x0000000080000000, 0x0000000100000000)
  region size 1024K, 7 young (7168K), 7 survivors (7168K)
 Metaspace       used 113650K, committed 114880K, reserved 557056K
  class space    used 15837K, committed 16448K, reserved 425984K
}

