# JRE version: OpenJDK Runtime Environment Microsoft-8035246 (17.0.8+7) (build 17.0.8+7-LTS)
# Java VM: OpenJDK 64-Bit Server VM Microsoft-8035246 (17.0.8+7-LTS, mixed mode, sharing, tiered, compressed oops, compressed class ptrs, g1 gc, windows-amd64)
GC Precious Log:
 CPUs: 4 total, 4 available
 Memory: 8046M
 Large Page Support: Disabled
 NUMA Support: Disabled
 Compressed Oops: Enabled (32-bit)
 Heap Region Size: 1M
 Heap Min Capacity: 8M
 Heap Initial Capacity: 126M
 Heap Max Capacity: 2G
 Pre-touch: Disabled
 Parallel Workers: 4
 Concurrent Workers: 1
 Concurrent Refinement Workers: 4
 Periodic GC: Disabled
Heap:
 garbage-first heap   total 487424K, used 239401K [0x0000000080000000, 0x0000000100000000)
  region size 1024K, 40 young (40960K), 3 survivors (3072K)
 Metaspace       used 108420K, committed 109632K, reserved 557056K
  class space    used 15186K, committed 15808K, reserved 425984K
GC Heap History (20 events):
Event: 49.680 GC heap before
{Heap before GC invocations=42 (full 0):
 garbage-first heap   total 235520K, used 196490K [0x0000000080000000, 0x0000000100000000)
  region size 1024K, 47 young (48128K), 5 survivors (5120K)
 Metaspace       used 101044K, committed 102080K, reserved 557056K
  class space    used 14271K, committed 14784K, reserved 425984K
}
Event: 49.694 GC heap after
{Heap after GC invocations=43 (full 0):
 garbage-first heap   total 235520K, used 159685K [0x0000000080000000, 0x0000000100000000)
  region size 1024K, 6 young (6144K), 6 survivors (6144K)
 Metaspace       used 101044K, committed 102080K, reserved 557056K
  class space    used 14271K, committed 14784K, reserved 425984K
}
Event: 50.194 GC heap before
{Heap before GC invocations=43 (full 0):
 garbage-first heap   total 235520K, used 197573K [0x0000000080000000, 0x0000000100000000)
  region size 1024K, 43 young (44032K), 6 survivors (6144K)
 Metaspace       used 101083K, committed 102144K, reserved 557056K
  class space    used 14274K, committed 14784K, reserved 425984K
}
Event: 50.218 GC heap after
{Heap after GC invocations=44 (full 0):
 garbage-first heap   total 282624K, used 167055K [0x0000000080000000, 0x0000000100000000)
  region size 1024K, 6 young (6144K), 6 survivors (6144K)
 Metaspace       used 101083K, committed 102144K, reserved 557056K
  class space    used 14274K, committed 14784K, reserved 425984K
}
Event: 51.604 GC heap before
{Heap before GC invocations=44 (full 0):
 garbage-first heap   total 282624K, used 231567K [0x0000000080000000, 0x0000000100000000)
  region size 1024K, 67 young (68608K), 6 survivors (6144K)
 Metaspace       used 101776K, committed 102912K, reserved 557056K
  class space    used 14354K, committed 14912K, reserved 425984K
}
Event: 51.626 GC heap after
{Heap after GC invocations=45 (full 0):
 garbage-first heap   total 282624K, used 181189K [0x0000000080000000, 0x0000000100000000)
  region size 1024K, 9 young (9216K), 9 survivors (9216K)
 Metaspace       used 101776K, committed 102912K, reserved 557056K
  class space    used 14354K, committed 14912K, reserved 425984K
}
Event: 52.879 GC heap before
{Heap before GC invocations=45 (full 0):
 garbage-first heap   total 282624K, used 230341K [0x0000000080000000, 0x0000000100000000)
  region size 1024K, 57 young (58368K), 9 survivors (9216K)
 Metaspace       used 103870K, committed 105024K, reserved 557056K
  class space    used 14677K, committed 15232K, reserved 425984K
}
Event: 52.902 GC heap after
{Heap after GC invocations=46 (full 0):
 garbage-first heap   total 282624K, used 187700K [0x0000000080000000, 0x0000000100000000)
  region size 1024K, 6 young (6144K), 6 survivors (6144K)
 Metaspace       used 103870K, committed 105024K, reserved 557056K
  class space    used 14677K, committed 15232K, reserved 425984K
}
Event: 53.262 GC heap before
{Heap before GC invocations=46 (full 0):
 garbage-first heap   total 282624K, used 202036K [0x0000000080000000, 0x0000000100000000)
  region size 1024K, 21 young (21504K), 6 survivors (6144K)
 Metaspace       used 105797K, committed 106880K, reserved 557056K
  class space    used 14913K, committed 15488K, reserved 425984K
}
Event: 53.274 GC heap after
{Heap after GC invocations=47 (full 0):
 garbage-first heap   total 282624K, used 188622K [0x0000000080000000, 0x0000000100000000)
  region size 1024K, 2 young (2048K), 2 survivors (2048K)
 Metaspace       used 105797K, committed 106880K, reserved 557056K
  class space    used 14913K, committed 15488K, reserved 425984K
}
Event: 54.424 GC heap before
{Heap before GC invocations=48 (full 0):
 garbage-first heap   total 342016K, used 231630K [0x0000000080000000, 0x0000000100000000)
  region size 1024K, 44 young (45056K), 2 survivors (2048K)
 Metaspace       used 107316K, committed 108544K, reserved 557056K
  class space    used 15084K, committed 15680K, reserved 425984K
}
Event: 54.444 GC heap after
{Heap after GC invocations=49 (full 0):
 garbage-first heap   total 342016K, used 194258K [0x0000000080000000, 0x0000000100000000)
  region size 1024K, 6 young (6144K), 6 survivors (6144K)
 Metaspace       used 107316K, committed 108544K, reserved 557056K
  class space    used 15084K, committed 15680K, reserved 425984K
}
Event: 54.601 GC heap before
{Heap before GC invocations=49 (full 0):
 garbage-first heap   total 342016K, used 204498K [0x0000000080000000, 0x0000000100000000)
  region size 1024K, 16 young (16384K), 6 survivors (6144K)
 Metaspace       used 107464K, committed 108672K, reserved 557056K
  class space    used 15099K, committed 15680K, reserved 425984K
}
Event: 54.618 GC heap after
{Heap after GC invocations=50 (full 0):
 garbage-first heap   total 342016K, used 193051K [0x0000000080000000, 0x0000000100000000)
  region size 1024K, 2 young (2048K), 2 survivors (2048K)
 Metaspace       used 107464K, committed 108672K, reserved 557056K
  class space    used 15099K, committed 15680K, reserved 425984K
}
Event: 55.920 GC heap before
{Heap before GC invocations=50 (full 0):
 garbage-first heap   total 342016K, used 279067K [0x0000000080000000, 0x0000000100000000)
  region size 1024K, 86 young (88064K), 2 survivors (2048K)
 Metaspace       used 108084K, committed 109248K, reserved 557056K
  class space    used 15151K, committed 15744K, reserved 425984K
}
Event: 55.937 GC heap after
{Heap after GC invocations=51 (full 0):
 garbage-first heap   total 342016K, used 200899K [0x0000000080000000, 0x0000000100000000)
  region size 1024K, 10 young (10240K), 10 survivors (10240K)
 Metaspace       used 108084K, committed 109248K, reserved 557056K
  class space    used 15151K, committed 15744K, reserved 425984K
}
Event: 57.435 GC heap before
{Heap before GC invocations=52 (full 0):
 garbage-first heap   total 368640K, used 278723K [0x0000000080000000, 0x0000000100000000)
  region size 1024K, 87 young (89088K), 10 survivors (10240K)
 Metaspace       used 108420K, committed 109632K, reserved 557056K
  class space    used 15185K, committed 15808K, reserved 425984K
}
Event: 57.454 GC heap after
{Heap after GC invocations=53 (full 0):
 garbage-first heap   total 368640K, used 204552K [0x0000000080000000, 0x0000000100000000)
  region size 1024K, 6 young (6144K), 6 survivors (6144K)
 Metaspace       used 108420K, committed 109632K, reserved 557056K
  class space    used 15185K, committed 15808K, reserved 425984K
}
Event: 57.607 GC heap before
{Heap before GC invocations=53 (full 0):
 garbage-first heap   total 368640K, used 216840K [0x0000000080000000, 0x0000000100000000)
  region size 1024K, 18 young (18432K), 6 survivors (6144K)
 Metaspace       used 108420K, committed 109632K, reserved 557056K
  class space    used 15186K, committed 15808K, reserved 425984K
}
Event: 57.624 GC heap after
{Heap after GC invocations=54 (full 0):
 garbage-first heap   total 487424K, used 202537K [0x0000000080000000, 0x0000000100000000)
  region size 1024K, 3 young (3072K), 3 survivors (3072K)
 Metaspace       used 108420K, committed 109632K, reserved 557056K
  class space    used 15186K, committed 15808K, reserved 425984K
}

