# JRE version: OpenJDK Runtime Environment Microsoft-8035246 (17.0.8+7) (build 17.0.8+7-LTS)
# Java VM: OpenJDK 64-Bit Server VM Microsoft-8035246 (17.0.8+7-LTS, mixed mode, sharing, tiered, compressed oops, compressed class ptrs, g1 gc, windows-amd64)
GC Precious Log:
 CPUs: 4 total, 4 available
 Memory: 8046M
 Large Page Support: Disabled
 NUMA Support: Disabled
 Compressed Oops: Enabled (32-bit)
 Heap Region Size: 1M
 Heap Min Capacity: 8M
 Heap Initial Capacity: 126M
 Heap Max Capacity: 2G
 Pre-touch: Disabled
 Parallel Workers: 4
 Concurrent Workers: 1
 Concurrent Refinement Workers: 4
 Periodic GC: Disabled
Heap:
 garbage-first heap   total 419840K, used 214118K [0x0000000080000000, 0x0000000100000000)
  region size 1024K, 14 young (14336K), 9 survivors (9216K)
 Metaspace       used 108309K, committed 109504K, reserved 557056K
  class space    used 15171K, committed 15744K, reserved 425984K
GC Heap History (20 events):
Event: 70.875 GC heap before
{Heap before GC invocations=39 (full 0):
 garbage-first heap   total 183296K, used 156496K [0x0000000080000000, 0x0000000100000000)
  region size 1024K, 51 young (52224K), 7 survivors (7168K)
 Metaspace       used 92985K, committed 93888K, reserved 557056K
  class space    used 13209K, committed 13632K, reserved 425984K
}
Event: 70.909 GC heap after
{Heap after GC invocations=40 (full 0):
 garbage-first heap   total 183296K, used 122997K [0x0000000080000000, 0x0000000100000000)
  region size 1024K, 7 young (7168K), 7 survivors (7168K)
 Metaspace       used 92985K, committed 93888K, reserved 557056K
  class space    used 13209K, committed 13632K, reserved 425984K
}
Event: 71.746 GC heap before
{Heap before GC invocations=40 (full 0):
 garbage-first heap   total 183296K, used 150645K [0x0000000080000000, 0x0000000100000000)
  region size 1024K, 34 young (34816K), 7 survivors (7168K)
 Metaspace       used 93386K, committed 94336K, reserved 557056K
  class space    used 13241K, committed 13696K, reserved 425984K
}
Event: 71.764 GC heap after
{Heap after GC invocations=41 (full 0):
 garbage-first heap   total 183296K, used 127590K [0x0000000080000000, 0x0000000100000000)
  region size 1024K, 5 young (5120K), 5 survivors (5120K)
 Metaspace       used 93386K, committed 94336K, reserved 557056K
  class space    used 13241K, committed 13696K, reserved 425984K
}
Event: 72.733 GC heap before
{Heap before GC invocations=42 (full 0):
 garbage-first heap   total 242688K, used 153190K [0x0000000080000000, 0x0000000100000000)
  region size 1024K, 28 young (28672K), 5 survivors (5120K)
 Metaspace       used 93576K, committed 94528K, reserved 557056K
  class space    used 13265K, committed 13760K, reserved 425984K
}
Event: 72.754 GC heap after
{Heap after GC invocations=43 (full 0):
 garbage-first heap   total 242688K, used 136460K [0x0000000080000000, 0x0000000100000000)
  region size 1024K, 4 young (4096K), 4 survivors (4096K)
 Metaspace       used 93576K, committed 94528K, reserved 557056K
  class space    used 13265K, committed 13760K, reserved 425984K
}
Event: 72.892 GC heap before
{Heap before GC invocations=43 (full 0):
 garbage-first heap   total 242688K, used 142604K [0x0000000080000000, 0x0000000100000000)
  region size 1024K, 11 young (11264K), 4 survivors (4096K)
 Metaspace       used 93605K, committed 94592K, reserved 557056K
  class space    used 13265K, committed 13760K, reserved 425984K
}
Event: 72.907 GC heap after
{Heap after GC invocations=44 (full 0):
 garbage-first heap   total 242688K, used 136213K [0x0000000080000000, 0x0000000100000000)
  region size 1024K, 2 young (2048K), 2 survivors (2048K)
 Metaspace       used 93605K, committed 94592K, reserved 557056K
  class space    used 13265K, committed 13760K, reserved 425984K
}
Event: 74.477 GC heap before
{Heap before GC invocations=44 (full 0):
 garbage-first heap   total 242688K, used 197653K [0x0000000080000000, 0x0000000100000000)
  region size 1024K, 60 young (61440K), 2 survivors (2048K)
 Metaspace       used 95563K, committed 96576K, reserved 557056K
  class space    used 13518K, committed 14016K, reserved 425984K
}
Event: 74.500 GC heap after
{Heap after GC invocations=45 (full 0):
 garbage-first heap   total 349184K, used 148048K [0x0000000080000000, 0x0000000100000000)
  region size 1024K, 8 young (8192K), 8 survivors (8192K)
 Metaspace       used 95563K, committed 96576K, reserved 557056K
  class space    used 13518K, committed 14016K, reserved 425984K
}
Event: 77.183 GC heap before
{Heap before GC invocations=45 (full 0):
 garbage-first heap   total 349184K, used 270928K [0x0000000080000000, 0x0000000100000000)
  region size 1024K, 128 young (131072K), 8 survivors (8192K)
 Metaspace       used 100825K, committed 101952K, reserved 557056K
  class space    used 14265K, committed 14784K, reserved 425984K
}
Event: 77.220 GC heap after
{Heap after GC invocations=46 (full 0):
 garbage-first heap   total 349184K, used 157347K [0x0000000080000000, 0x0000000100000000)
  region size 1024K, 16 young (16384K), 16 survivors (16384K)
 Metaspace       used 100825K, committed 101952K, reserved 557056K
  class space    used 14265K, committed 14784K, reserved 425984K
}
Event: 79.760 GC heap before
{Heap before GC invocations=46 (full 0):
 garbage-first heap   total 349184K, used 278179K [0x0000000080000000, 0x0000000100000000)
  region size 1024K, 133 young (136192K), 16 survivors (16384K)
 Metaspace       used 101636K, committed 102720K, reserved 557056K
  class space    used 14345K, committed 14848K, reserved 425984K
}
Event: 79.844 GC heap after
{Heap after GC invocations=47 (full 0):
 garbage-first heap   total 349184K, used 180015K [0x0000000080000000, 0x0000000100000000)
  region size 1024K, 17 young (17408K), 17 survivors (17408K)
 Metaspace       used 101636K, committed 102720K, reserved 557056K
  class space    used 14345K, committed 14848K, reserved 425984K
}
Event: 82.675 GC heap before
{Heap before GC invocations=47 (full 0):
 garbage-first heap   total 349184K, used 275247K [0x0000000080000000, 0x0000000100000000)
  region size 1024K, 110 young (112640K), 17 survivors (17408K)
 Metaspace       used 107176K, committed 108352K, reserved 557056K
  class space    used 15071K, committed 15616K, reserved 425984K
}
Event: 82.749 GC heap after
{Heap after GC invocations=48 (full 0):
 garbage-first heap   total 349184K, used 191488K [0x0000000080000000, 0x0000000100000000)
  region size 1024K, 10 young (10240K), 10 survivors (10240K)
 Metaspace       used 107176K, committed 108352K, reserved 557056K
  class space    used 15071K, committed 15616K, reserved 425984K
}
Event: 84.891 GC heap before
{Heap before GC invocations=48 (full 0):
 garbage-first heap   total 349184K, used 279552K [0x0000000080000000, 0x0000000100000000)
  region size 1024K, 97 young (99328K), 10 survivors (10240K)
 Metaspace       used 107958K, committed 109120K, reserved 557056K
  class space    used 15131K, committed 15680K, reserved 425984K
}
Event: 84.964 GC heap after
{Heap after GC invocations=49 (full 0):
 garbage-first heap   total 349184K, used 202752K [0x0000000080000000, 0x0000000100000000)
  region size 1024K, 11 young (11264K), 11 survivors (11264K)
 Metaspace       used 107958K, committed 109120K, reserved 557056K
  class space    used 15131K, committed 15680K, reserved 425984K
}
Event: 86.229 GC heap before
{Heap before GC invocations=49 (full 0):
 garbage-first heap   total 349184K, used 282624K [0x0000000080000000, 0x0000000100000000)
  region size 1024K, 90 young (92160K), 11 survivors (11264K)
 Metaspace       used 108307K, committed 109440K, reserved 557056K
  class space    used 15171K, committed 15680K, reserved 425984K
}
Event: 86.280 GC heap after
{Heap after GC invocations=50 (full 0):
 garbage-first heap   total 349184K, used 207304K [0x0000000080000000, 0x0000000100000000)
  region size 1024K, 6 young (6144K), 6 survivors (6144K)
 Metaspace       used 108307K, committed 109440K, reserved 557056K
  class space    used 15171K, committed 15680K, reserved 425984K
}

