# JRE version: OpenJDK Runtime Environment Microsoft-8035246 (17.0.8+7) (build 17.0.8+7-LTS)
# Java VM: OpenJDK 64-Bit Server VM Microsoft-8035246 (17.0.8+7-LTS, mixed mode, sharing, tiered, compressed oops, compressed class ptrs, g1 gc, windows-amd64)
GC Precious Log:
 CPUs: 4 total, 4 available
 Memory: 8046M
 Large Page Support: Disabled
 NUMA Support: Disabled
 Compressed Oops: Enabled (32-bit)
 Heap Region Size: 1M
 Heap Min Capacity: 8M
 Heap Initial Capacity: 126M
 Heap Max Capacity: 2G
 Pre-touch: Disabled
 Parallel Workers: 4
 Concurrent Workers: 1
 Concurrent Refinement Workers: 4
 Periodic GC: Disabled
Heap:
 garbage-first heap   total 476160K, used 252416K [0x0000000080000000, 0x0000000100000000)
  region size 1024K, 70 young (71680K), 18 survivors (18432K)
 Metaspace       used 108412K, committed 109568K, reserved 557056K
  class space    used 15185K, committed 15744K, reserved 425984K
GC Heap History (20 events):
Event: 25.332 GC heap before
{Heap before GC invocations=39 (full 0):
 garbage-first heap   total 184320K, used 148858K [0x0000000080000000, 0x0000000100000000)
  region size 1024K, 57 young (58368K), 1 survivors (1024K)
 Metaspace       used 81532K, committed 82304K, reserved 557056K
  class space    used 11423K, committed 11776K, reserved 425984K
}
Event: 25.339 GC heap after
{Heap after GC invocations=40 (full 0):
 garbage-first heap   total 184320K, used 93010K [0x0000000080000000, 0x0000000100000000)
  region size 1024K, 3 young (3072K), 3 survivors (3072K)
 Metaspace       used 81532K, committed 82304K, reserved 557056K
  class space    used 11423K, committed 11776K, reserved 425984K
}
Event: 29.476 GC heap before
{Heap before GC invocations=41 (full 0):
 garbage-first heap   total 184320K, used 150354K [0x0000000080000000, 0x0000000100000000)
  region size 1024K, 59 young (60416K), 3 survivors (3072K)
 Metaspace       used 82519K, committed 83328K, reserved 557056K
  class space    used 11569K, committed 11968K, reserved 425984K
}
Event: 29.489 GC heap after
{Heap after GC invocations=42 (full 0):
 garbage-first heap   total 184320K, used 97608K [0x0000000080000000, 0x0000000100000000)
  region size 1024K, 7 young (7168K), 7 survivors (7168K)
 Metaspace       used 82519K, committed 83328K, reserved 557056K
  class space    used 11569K, committed 11968K, reserved 425984K
}
Event: 29.521 GC heap before
{Heap before GC invocations=42 (full 0):
 garbage-first heap   total 184320K, used 99656K [0x0000000080000000, 0x0000000100000000)
  region size 1024K, 9 young (9216K), 7 survivors (7168K)
 Metaspace       used 82661K, committed 83456K, reserved 557056K
  class space    used 11588K, committed 11968K, reserved 425984K
}
Event: 29.532 GC heap after
{Heap after GC invocations=43 (full 0):
 garbage-first heap   total 184320K, used 98061K [0x0000000080000000, 0x0000000100000000)
  region size 1024K, 1 young (1024K), 1 survivors (1024K)
 Metaspace       used 82661K, committed 83456K, reserved 557056K
  class space    used 11588K, committed 11968K, reserved 425984K
}
Event: 30.243 GC heap before
{Heap before GC invocations=43 (full 0):
 garbage-first heap   total 184320K, used 153357K [0x0000000080000000, 0x0000000100000000)
  region size 1024K, 54 young (55296K), 1 survivors (1024K)
 Metaspace       used 86210K, committed 87040K, reserved 557056K
  class space    used 12178K, committed 12544K, reserved 425984K
}
Event: 30.247 GC heap after
{Heap after GC invocations=44 (full 0):
 garbage-first heap   total 184320K, used 98685K [0x0000000080000000, 0x0000000100000000)
  region size 1024K, 2 young (2048K), 2 survivors (2048K)
 Metaspace       used 86210K, committed 87040K, reserved 557056K
  class space    used 12178K, committed 12544K, reserved 425984K
}
Event: 31.023 GC heap before
{Heap before GC invocations=44 (full 0):
 garbage-first heap   total 184320K, used 153981K [0x0000000080000000, 0x0000000100000000)
  region size 1024K, 56 young (57344K), 2 survivors (2048K)
 Metaspace       used 89928K, committed 90752K, reserved 557056K
  class space    used 12776K, committed 13184K, reserved 425984K
}
Event: 31.029 GC heap after
{Heap after GC invocations=45 (full 0):
 garbage-first heap   total 184320K, used 101052K [0x0000000080000000, 0x0000000100000000)
  region size 1024K, 4 young (4096K), 4 survivors (4096K)
 Metaspace       used 89928K, committed 90752K, reserved 557056K
  class space    used 12776K, committed 13184K, reserved 425984K
}
Event: 32.007 GC heap before
{Heap before GC invocations=45 (full 0):
 garbage-first heap   total 184320K, used 155324K [0x0000000080000000, 0x0000000100000000)
  region size 1024K, 57 young (58368K), 4 survivors (4096K)
 Metaspace       used 92238K, committed 93184K, reserved 557056K
  class space    used 13123K, committed 13568K, reserved 425984K
}
Event: 32.022 GC heap after
{Heap after GC invocations=46 (full 0):
 garbage-first heap   total 184320K, used 108212K [0x0000000080000000, 0x0000000100000000)
  region size 1024K, 8 young (8192K), 8 survivors (8192K)
 Metaspace       used 92238K, committed 93184K, reserved 557056K
  class space    used 13123K, committed 13568K, reserved 425984K
}
Event: 32.627 GC heap before
{Heap before GC invocations=46 (full 0):
 garbage-first heap   total 184320K, used 157364K [0x0000000080000000, 0x0000000100000000)
  region size 1024K, 53 young (54272K), 8 survivors (8192K)
 Metaspace       used 93058K, committed 94016K, reserved 557056K
  class space    used 13223K, committed 13696K, reserved 425984K
}
Event: 32.648 GC heap after
{Heap after GC invocations=47 (full 0):
 garbage-first heap   total 476160K, used 122198K [0x0000000080000000, 0x0000000100000000)
  region size 1024K, 7 young (7168K), 7 survivors (7168K)
 Metaspace       used 93058K, committed 94016K, reserved 557056K
  class space    used 13223K, committed 13696K, reserved 425984K
}
Event: 36.354 GC heap before
{Heap before GC invocations=47 (full 0):
 garbage-first heap   total 476160K, used 360790K [0x0000000080000000, 0x0000000100000000)
  region size 1024K, 235 young (240640K), 7 survivors (7168K)
 Metaspace       used 100938K, committed 102016K, reserved 557056K
  class space    used 14274K, committed 14784K, reserved 425984K
}
Event: 36.407 GC heap after
{Heap after GC invocations=48 (full 0):
 garbage-first heap   total 476160K, used 155050K [0x0000000080000000, 0x0000000100000000)
  region size 1024K, 30 young (30720K), 30 survivors (30720K)
 Metaspace       used 100938K, committed 102016K, reserved 557056K
  class space    used 14274K, committed 14784K, reserved 425984K
}
Event: 39.500 GC heap before
{Heap before GC invocations=48 (full 0):
 garbage-first heap   total 476160K, used 349610K [0x0000000080000000, 0x0000000100000000)
  region size 1024K, 219 young (224256K), 30 survivors (30720K)
 Metaspace       used 106781K, committed 107904K, reserved 557056K
  class space    used 15028K, committed 15552K, reserved 425984K
}
Event: 39.567 GC heap after
{Heap after GC invocations=49 (full 0):
 garbage-first heap   total 476160K, used 183864K [0x0000000080000000, 0x0000000100000000)
  region size 1024K, 28 young (28672K), 28 survivors (28672K)
 Metaspace       used 106781K, committed 107904K, reserved 557056K
  class space    used 15028K, committed 15552K, reserved 425984K
}
Event: 42.656 GC heap before
{Heap before GC invocations=49 (full 0):
 garbage-first heap   total 476160K, used 354872K [0x0000000080000000, 0x0000000100000000)
  region size 1024K, 196 young (200704K), 28 survivors (28672K)
 Metaspace       used 108397K, committed 109568K, reserved 557056K
  class space    used 15184K, committed 15744K, reserved 425984K
}
Event: 42.744 GC heap after
{Heap after GC invocations=50 (full 0):
 garbage-first heap   total 476160K, used 200192K [0x0000000080000000, 0x0000000100000000)
  region size 1024K, 18 young (18432K), 18 survivors (18432K)
 Metaspace       used 108397K, committed 109568K, reserved 557056K
  class space    used 15184K, committed 15744K, reserved 425984K
}

